#
# There is insufficient memory for the Java Runtime Environment to continue.
# Native memory allocation (malloc) failed to allocate 524288 bytes for AllocateHeap
# Possible reasons:
#   The system is out of physical RAM or swap space
#   The process is running with CompressedOops enabled, and the Java Heap may be blocking the growth of the native heap
# Possible solutions:
#   Reduce memory load on the system
#   Increase physical memory or swap space
#   Check if swap backing store is full
#   Decrease Java heap size (-Xmx/-Xms)
#   Decrease number of Java threads
#   Decrease Java thread stack sizes (-Xss)
#   Set larger code cache with -XX:ReservedCodeCacheSize=
#   JVM is running with Zero Based Compressed Oops mode in which the Java heap is
#     placed in the first 32GB address space. The Java Heap base address is the
#     maximum limit for the native heap growth. Please use -XX:HeapBaseMinAddress
#     to set the Java Heap base and to place the Java Heap above 32GB virtual address.
# This output file may be truncated or incomplete.
#
#  Out of Memory Error (./src/hotspot/share/memory/allocation.cpp:46), pid=4908, tid=35432
#
# JRE version:  (11.0.14.1+1) (build )
# Java VM: OpenJDK 64-Bit Server VM (11.0.14.1+1, mixed mode, tiered, compressed oops, g1 gc, windows-amd64)
# No core dump will be written. Minidumps are not enabled by default on client versions of Windows
#

---------------  S U M M A R Y ------------

Command Line: -Dfile.encoding=UTF-8 -Dcom.android.sdkmanager.toolsdir=C:\Program Files\Unity\Hub\Editor\2022.3.28f1\Editor\Data\PlaybackEngines\AndroidPlayer\SDK\cmdline-tools\6.0\bin\\.. com.android.sdklib.tool.AvdManagerCli list target -c

Host: 11th Gen Intel(R) Core(TM) i7-1165G7 @ 2.80GHz, 8 cores, 15G,  Windows 11 , 64 bit Build 22621 (10.0.22621.3672)
Time: Wed Jun 26 16:26:29 2024 GMT Daylight Time elapsed time: 0.187481 seconds (0d 0h 0m 0s)

---------------  T H R E A D  ---------------

Current thread (0x0000011cb9f86000):  JavaThread "Unknown thread" [_thread_in_vm, id=35432, stack(0x00000001b7600000,0x00000001b7700000)]

Stack: [0x00000001b7600000,0x00000001b7700000]
Native frames: (J=compiled Java code, j=interpreted, Vv=VM code, C=native code)
V  [jvm.dll+0x61e59a]
V  [jvm.dll+0x7aaca9]
V  [jvm.dll+0x7ac398]
V  [jvm.dll+0x7aca73]
V  [jvm.dll+0x24f9b8]
V  [jvm.dll+0xb95d4]
V  [jvm.dll+0x6ff9a2]
V  [jvm.dll+0x6ff937]
V  [jvm.dll+0x6ffaaa]
V  [jvm.dll+0x783f32]
V  [jvm.dll+0x7864ee]
V  [jvm.dll+0x35f479]
V  [jvm.dll+0x767aa0]
V  [jvm.dll+0x3ccf1f]
V  [jvm.dll+0x3cf2b1]
C  [jli.dll+0x5207]
C  [ucrtbase.dll+0x29333]
C  [KERNEL32.DLL+0x1257d]
C  [ntdll.dll+0x5af28]


---------------  P R O C E S S  ---------------

Threads class SMR info:
_java_thread_list=0x0000011cb7d14870, length=0, elements={
}

Java Threads: ( => current thread )

Other Threads:
  0x0000011cb9f9d800 GCTaskThread "GC Thread#0" [stack: 0x00000001b7700000,0x00000001b7800000] [id=14596]
  0x0000011cb9ffc000 ConcurrentGCThread "G1 Main Marker" [stack: 0x00000001b7800000,0x00000001b7900000] [id=38484]
  0x0000011cb9ffe000 ConcurrentGCThread "G1 Conc#0" [stack: 0x00000001b7900000,0x00000001b7a00000] [id=34000]
  0x0000011cdd9d4800 ConcurrentGCThread "G1 Refine#0" [stack: 0x00000001b7a00000,0x00000001b7b00000] [id=11528]
  0x0000011cdd9d5800 ConcurrentGCThread "G1 Young RemSet Sampling" [stack: 0x00000001b7b00000,0x00000001b7c00000] [id=35136]

=>0x0000011cb9f86000 (exited) JavaThread "Unknown thread" [_thread_in_vm, id=35432, stack(0x00000001b7600000,0x00000001b7700000)]

Threads with active compile tasks:

VM state:not at safepoint (not fully initialized)

VM Mutex/Monitor currently owned by a thread: None

Heap address: 0x0000000704400000, size: 4028 MB, Compressed Oops mode: Zero based, Oop shift amount: 3
Narrow klass base: 0x0000000800000000, Narrow klass shift: 0
Compressed class space size: 1073741824 Address: 0x0000000800000000

GC Heap History (0 events):
No events

Deoptimization events (0 events):
No events

Classes redefined (0 events):
No events

Internal exceptions (0 events):
No events

Events (1 events):
Event: 0.013 Loaded shared library C:\Program Files\Unity\Hub\Editor\2022.3.28f1\Editor\Data\PlaybackEngines\AndroidPlayer\OpenJDK\bin\zip.dll


Dynamic libraries:
0x00007ff640e80000 - 0x00007ff640e8d000 	C:\Program Files\Unity\Hub\Editor\2022.3.28f1\Editor\Data\PlaybackEngines\AndroidPlayer\OpenJDK\bin\java.exe
0x00007fffc32b0000 - 0x00007fffc34c7000 	C:\WINDOWS\SYSTEM32\ntdll.dll
0x00007fffc2640000 - 0x00007fffc2704000 	C:\WINDOWS\System32\KERNEL32.DLL
0x00007fffc0ac0000 - 0x00007fffc0e6c000 	C:\WINDOWS\System32\KERNELBASE.dll
0x00007fffc09a0000 - 0x00007fffc0ab1000 	C:\WINDOWS\System32\ucrtbase.dll
0x00007ffe827b0000 - 0x00007ffe827c7000 	C:\Program Files\Unity\Hub\Editor\2022.3.28f1\Editor\Data\PlaybackEngines\AndroidPlayer\OpenJDK\bin\jli.dll
0x00007ffe82790000 - 0x00007ffe827a5000 	C:\Program Files\Unity\Hub\Editor\2022.3.28f1\Editor\Data\PlaybackEngines\AndroidPlayer\OpenJDK\bin\VCRUNTIME140.dll
0x00007fffc2770000 - 0x00007fffc291e000 	C:\WINDOWS\System32\USER32.dll
0x00007fffc0e70000 - 0x00007fffc0e96000 	C:\WINDOWS\System32\win32u.dll
0x00007fffadc40000 - 0x00007fffaded3000 	C:\WINDOWS\WinSxS\amd64_microsoft.windows.common-controls_6595b64144ccf1df_6.0.22621.3672_none_2713b9d173822955\COMCTL32.dll
0x00007fffc18a0000 - 0x00007fffc18c9000 	C:\WINDOWS\System32\GDI32.dll
0x00007fffc15d0000 - 0x00007fffc1677000 	C:\WINDOWS\System32\msvcrt.dll
0x00007fffc0810000 - 0x00007fffc0929000 	C:\WINDOWS\System32\gdi32full.dll
0x00007fffc0f50000 - 0x00007fffc0fea000 	C:\WINDOWS\System32\msvcp_win.dll
0x00007fffc2a80000 - 0x00007fffc2ab1000 	C:\WINDOWS\System32\IMM32.DLL
0x00007ffe826f0000 - 0x00007ffe8278b000 	C:\Program Files\Unity\Hub\Editor\2022.3.28f1\Editor\Data\PlaybackEngines\AndroidPlayer\OpenJDK\bin\msvcp140.dll
0x00007ffe81b60000 - 0x00007ffe826e1000 	C:\Program Files\Unity\Hub\Editor\2022.3.28f1\Editor\Data\PlaybackEngines\AndroidPlayer\OpenJDK\bin\server\jvm.dll
0x00007fffc1300000 - 0x00007fffc13b2000 	C:\WINDOWS\System32\ADVAPI32.dll
0x00007fffc1130000 - 0x00007fffc11da000 	C:\WINDOWS\System32\sechost.dll
0x00007fffc0ea0000 - 0x00007fffc0ec8000 	C:\WINDOWS\System32\bcrypt.dll
0x00007fffc2ac0000 - 0x00007fffc2bd5000 	C:\WINDOWS\System32\RPCRT4.dll
0x00007fffc31c0000 - 0x00007fffc31c8000 	C:\WINDOWS\System32\PSAPI.DLL
0x00007fff9ce70000 - 0x00007fff9ce79000 	C:\WINDOWS\SYSTEM32\WSOCK32.dll
0x00007fffbd6e0000 - 0x00007fffbd714000 	C:\WINDOWS\SYSTEM32\WINMM.dll
0x00007fffc2d90000 - 0x00007fffc2e01000 	C:\WINDOWS\System32\WS2_32.dll
0x00007fffb8040000 - 0x00007fffb804a000 	C:\WINDOWS\SYSTEM32\VERSION.dll
0x00007fffbf6d0000 - 0x00007fffbf6e8000 	C:\WINDOWS\SYSTEM32\kernel.appcore.dll
0x00007fff31cc0000 - 0x00007fff31cd0000 	C:\Program Files\Unity\Hub\Editor\2022.3.28f1\Editor\Data\PlaybackEngines\AndroidPlayer\OpenJDK\bin\verify.dll
0x00007fffbdcb0000 - 0x00007fffbdee2000 	C:\WINDOWS\SYSTEM32\DBGHELP.DLL
0x00007fffc2e10000 - 0x00007fffc3198000 	C:\WINDOWS\System32\combase.dll
0x00007fffc0ff0000 - 0x00007fffc10c7000 	C:\WINDOWS\System32\OLEAUT32.dll
0x00007fffa7b70000 - 0x00007fffa7ba2000 	C:\WINDOWS\SYSTEM32\dbgcore.DLL
0x00007fffc0ed0000 - 0x00007fffc0f4b000 	C:\WINDOWS\System32\bcryptPrimitives.dll
0x00007ffe81b30000 - 0x00007ffe81b58000 	C:\Program Files\Unity\Hub\Editor\2022.3.28f1\Editor\Data\PlaybackEngines\AndroidPlayer\OpenJDK\bin\java.dll
0x00007fff30db0000 - 0x00007fff30dba000 	C:\Program Files\Unity\Hub\Editor\2022.3.28f1\Editor\Data\PlaybackEngines\AndroidPlayer\OpenJDK\bin\jimage.dll
0x00007ffe81b10000 - 0x00007ffe81b28000 	C:\Program Files\Unity\Hub\Editor\2022.3.28f1\Editor\Data\PlaybackEngines\AndroidPlayer\OpenJDK\bin\zip.dll

dbghelp: loaded successfully - version: 4.0.5 - missing functions: none
symbol engine: initialized successfully - sym options: 0x614 - pdb path: .;C:\Program Files\Unity\Hub\Editor\2022.3.28f1\Editor\Data\PlaybackEngines\AndroidPlayer\OpenJDK\bin;C:\WINDOWS\SYSTEM32;C:\WINDOWS\WinSxS\amd64_microsoft.windows.common-controls_6595b64144ccf1df_6.0.22621.3672_none_2713b9d173822955;C:\Program Files\Unity\Hub\Editor\2022.3.28f1\Editor\Data\PlaybackEngines\AndroidPlayer\OpenJDK\bin\server

VM Arguments:
jvm_args: -Dfile.encoding=UTF-8 -Dcom.android.sdkmanager.toolsdir=C:\Program Files\Unity\Hub\Editor\2022.3.28f1\Editor\Data\PlaybackEngines\AndroidPlayer\SDK\cmdline-tools\6.0\bin\\.. 
java_command: com.android.sdklib.tool.AvdManagerCli list target -c
java_class_path (initial): C:\Program Files\Unity\Hub\Editor\2022.3.28f1\Editor\Data\PlaybackEngines\AndroidPlayer\SDK\cmdline-tools\6.0\bin\..\lib\avdmanager-classpath.jar
Launcher Type: SUN_STANDARD

[Global flags]
     intx CICompilerCount                          = 4                                         {product} {ergonomic}
     uint ConcGCThreads                            = 2                                         {product} {ergonomic}
     uint G1ConcRefinementThreads                  = 8                                         {product} {ergonomic}
   size_t G1HeapRegionSize                         = 1048576                                   {product} {ergonomic}
    uintx GCDrainStackTargetSize                   = 64                                        {product} {ergonomic}
   size_t InitialHeapSize                          = 264241152                                 {product} {ergonomic}
   size_t MarkStackSize                            = 4194304                                   {product} {ergonomic}
   size_t MaxHeapSize                              = 4223664128                                {product} {ergonomic}
   size_t MaxNewSize                               = 2533359616                                {product} {ergonomic}
   size_t MinHeapDeltaBytes                        = 1048576                                   {product} {ergonomic}
    uintx NonNMethodCodeHeapSize                   = 5836300                                {pd product} {ergonomic}
    uintx NonProfiledCodeHeapSize                  = 122910970                              {pd product} {ergonomic}
    uintx ProfiledCodeHeapSize                     = 122910970                              {pd product} {ergonomic}
    uintx ReservedCodeCacheSize                    = 251658240                              {pd product} {ergonomic}
     bool SegmentedCodeCache                       = true                                      {product} {ergonomic}
     bool UseCompressedClassPointers               = true                                 {lp64_product} {ergonomic}
     bool UseCompressedOops                        = true                                 {lp64_product} {ergonomic}
     bool UseG1GC                                  = true                                      {product} {ergonomic}
     bool UseLargePagesIndividualAllocation        = false                                  {pd product} {ergonomic}

Logging:
Log output configuration:
 #0: stdout all=warning uptime,level,tags
 #1: stderr all=off uptime,level,tags

Environment Variables:
JAVA_HOME=C:\Program Files\Unity\Hub\Editor\2022.3.28f1\Editor\Data\PlaybackEngines\AndroidPlayer\OpenJDK
JAVA_TOOL_OPTIONS=-Dfile.encoding=UTF-8
CLASSPATH=C:\Program Files\Unity\Hub\Editor\2022.3.28f1\Editor\Data\PlaybackEngines\AndroidPlayer\SDK\cmdline-tools\6.0\bin\..\lib\avdmanager-classpath.jar
PATH=C:\Program Files (x86)\Common Files\Oracle\Java\java8path;C:\Program Files (x86)\Common Files\Oracle\Java\javapath;C:\Program Files (x86)\VMware\VMware Player\bin\;C:\WINDOWS\system32;C:\WINDOWS;C:\WINDOWS\System32\Wbem;C:\WINDOWS\System32\WindowsPowerShell\v1.0\;C:\WINDOWS\System32\OpenSSH\;C:\Program Files\dotnet\;C:\Program Files (x86)\FRA4PicoScope\Lib\;C:\Program Files (x86)\Pico Technology\PicoScope6\;C:\mongodb\bin;C:\users\email\appdata\local\programs\python\python310;C:\Users\email\AppData\Local\Programs\Python\Python310\lib\site-packages\pip;C:\WINDOWS\system32;C:\WINDOWS;C:\WINDOWS\System32\Wbem;C:\WINDOWS\System32\WindowsPowerShell\v1.0\;C:\WINDOWS\System32\OpenSSH\;C:\Program Files\Git\cmd;C:\Program Files\usbipd-win\;C:\Program Files\PuTTY\;C:\Program Files\nodejs\;C:\Program Files\MATLAB\R2022b\bin;C:\Program Files\Go\bin;C:\Program Files\Microsoft SQL Server\150\Tools\Binn\;C:\Program Files\Microsoft SQL Server\Client SDK\ODBC\170\Tools\Binn\;C:\Program Files (x86)\dotnet-core-uninstall\;C:\Program Files\Git LFS;C:\Users\email\.pyenv\pyenv-win\bin;C:\Users\email\.pyenv\pyenv-win\shims;C:\Users\email\AppData\Local\Microsoft\WindowsApps;C:\Users\email\.dotnet\tools;C:\Users\email\AppData\Local\Programs\Microsoft VS Code\bin;C:\msys64\mingw64\bin;C:\Users\email\AppData\Local\GitHubDesktop\bin;C:\Users\email\AppData\Local\Programs\oh-my-posh\bin;C:\Users\email\AppData\Roaming\npm;C:\Users\email\anaconda3;C:\Users\email\anaconda\Scripts;C:\Users\email\anaconda3\Library\bin;C:\Users\email\.dotnet\tools;C:\Users\email\go\bin;C:\Users\email\AppData\Local\Programs\Hyper\resources\bin;C:\intelFPGA\18.1\modelsim_ase\win32aloem;C:\intelFPGA_lite\18.1\modelsim_ase\win32aloem
USERNAME=email
OS=Windows_NT
PROCESSOR_IDENTIFIER=Intel64 Family 6 Model 140 Stepping 1, GenuineIntel



---------------  S Y S T E M  ---------------

OS: Windows 11 , 64 bit Build 22621 (10.0.22621.3672)
OS uptime: 6 days 1:39 hours
Hyper-V role detected

CPU:total 8 (initial active 8) (4 cores per cpu, 2 threads per core) family 6 model 140 stepping 1 microcode 0xb4, cmov, cx8, fxsr, mmx, sse, sse2, sse3, ssse3, sse4.1, sse4.2, popcnt, avx, avx2, aes, clmul, erms, 3dnowpref, lzcnt, ht, tsc, tscinvbit, bmi1, bmi2, adx, evex, sha, fma

Memory: 4k page, system-wide physical 16107M (637M free)
TotalPageFile size 36107M (AvailPageFile size 4M)
current process WorkingSet (physical memory assigned to process): 22M, peak: 22M
current process commit charge ("private bytes"): 324M, peak: 325M

vm_info: OpenJDK 64-Bit Server VM (11.0.14.1+1) for windows-amd64 JRE (11.0.14.1+1), built on Feb  9 2022 01:48:27 by "" with unknown MS VC++:1916

END.
